

Starting up. 02:33.45
---------------------
Adding game mode AutoTraitor (Extend-A-Traitormongous) to configuration.
Adding game mode traitor+changeling (traitorchan) to configuration.
Adding game mode traitor (traitor) to configuration.
Adding game mode blob (blob) to configuration.
Adding game mode changeling (changeling) to configuration.
Adding game mode cult (cult) to configuration.
Adding game mode extended (extended) to configuration.
Adding game mode AI malfunction (malfunction) to configuration.
Adding game mode meteor (meteor) to configuration.
Adding game mode nuclear emergency (nuclear) to configuration.
Adding game mode anti-revolution (anti-revolution) to configuration.
Adding game mode rp-revolution (rp-revolution) to configuration.
Adding game mode revolution (revolution) to configuration.
Adding game mode sandbox (sandbox) to configuration.
Adding game mode wizard (wizard) to configuration.
Unknown game mode probability configuration definition: restructuring.
Unknown game mode probability configuration definition: monkey.
Unknown game mode probability configuration definition: extend-a-traitormongous.
Unknown game mode probability configuration definition: epidemic.
Unknown game mode probability configuration definition: meme.
Unknown setting in configuration: 'run_delay'
Unknown setting in configuration: 'walk_delay'
Unknown setting in configuration: 'metroid_delay'
[02:33:45]ADMIN: Loading Banlistjob
[02:33:45]ADMIN: Banlistjob is empty.
[02:33:45]ADMIN: Banlistjob missing base dir.
[02:33:45]ADMIN: Loading jobban_rank
[02:33:45]ADMIN: jobban_keylist was empty
[02:33:45]ADMIN: Updating jobbanfile!
[02:33:45]ADMIN: Loading Banlist
[02:33:45]ADMIN: Banlist is empty.
[02:33:45]ADMIN: Banlist missing base dir.
[02:34:12]ACCESS: Login: FighterX2500/(FighterX2500) from 127.0.0.1-3962799977 || BYOND v498
[02:34:32]ACCESS: Logout: FighterX2500/(FighterX2500)
[02:34:35]ACCESS: Login: FighterX2500/(FighterX2500) from 127.0.0.1-3962799977 || BYOND v498
[02:34:36]ACCESS: Logout: FighterX2500/(FighterX2500)
