

Starting up. 01:50.26
---------------------
Adding game mode AutoTraitor (extend-a-traitormongous) to configuration.
Adding game mode traitor+changeling (traitorchan) to configuration.
Adding game mode traitor (traitor) to configuration.
Adding game mode changeling (changeling) to configuration.
Adding game mode cult (cult) to configuration.
Adding game mode extended (extended) to configuration.
Adding game mode heist (heist) to configuration.
Adding game mode AI malfunction (malfunction) to configuration.
Adding game mode meteor (meteor) to configuration.
Adding game mode ninja (ninja) to configuration.
Adding game mode nuclear emergency (nuclear) to configuration.
Adding game mode rp-revolution (rp-revolution) to configuration.
Adding game mode revolution (revolution) to configuration.
Adding game mode wizard (wizard) to configuration.
Unknown game mode probability configuration definition: blob.
Unknown game mode probability configuration definition: sandbox.
Unknown game mode probability configuration definition: restructuring.
Unknown game mode probability configuration definition: monkey.
Unknown game mode probability configuration definition: epidemic.
Unknown game mode probability configuration definition: meme.
Unknown setting in configuration: 'run_delay'
Unknown setting in configuration: 'walk_delay'
Unknown setting in configuration: 'metroid_delay'
[01:50:28]ADMIN: Loading jobban_rank
[01:50:28]ADMIN: jobban_keylist was empty
[01:50:28]ADMIN: Loading Banlist
[01:50:28]ADMIN: Banlist is empty.
[01:50:28]ADMIN: Banlist missing base dir.
[01:51:13]ACCESS: Login: FighterX2500/(FighterX2500) from 127.0.0.1-3962799977 || BYOND v503
[01:51:30]ACCESS: Logout: *no key*/(FighterX2500)
[01:51:30]ACCESS: Login: FighterX2500/(Luanne Rhinehart) from 127.0.0.1-3962799977 || BYOND v503
[01:52:17]ACCESS: Logout: FighterX2500/(Luanne Rhinehart)


Starting up. 01:57.21
---------------------
Adding game mode AutoTraitor (extend-a-traitormongous) to configuration.
Adding game mode traitor+changeling (traitorchan) to configuration.
Adding game mode traitor (traitor) to configuration.
Adding game mode changeling (changeling) to configuration.
Adding game mode cult (cult) to configuration.
Adding game mode extended (extended) to configuration.
Adding game mode heist (heist) to configuration.
Adding game mode AI malfunction (malfunction) to configuration.
Adding game mode meteor (meteor) to configuration.
Adding game mode ninja (ninja) to configuration.
Adding game mode nuclear emergency (nuclear) to configuration.
Adding game mode rp-revolution (rp-revolution) to configuration.
Adding game mode revolution (revolution) to configuration.
Adding game mode wizard (wizard) to configuration.
Unknown game mode probability configuration definition: blob.
Unknown game mode probability configuration definition: sandbox.
Unknown game mode probability configuration definition: restructuring.
Unknown game mode probability configuration definition: monkey.
Unknown game mode probability configuration definition: epidemic.
Unknown game mode probability configuration definition: meme.
Unknown setting in configuration: 'run_delay'
Unknown setting in configuration: 'walk_delay'
Unknown setting in configuration: 'metroid_delay'
[01:57:23]ADMIN: Loading jobban_rank
[01:57:23]ADMIN: jobban_keylist was empty
[01:57:23]ADMIN: Loading Banlist
[01:58:41]ACCESS: Login: FighterX2500/(FighterX2500) from 127.0.0.1-3962799977 || BYOND v503
[01:58:58]ACCESS: Logout: *no key*/(FighterX2500)
[01:58:58]ACCESS: Login: FighterX2500/(Alexis Compton) from 127.0.0.1-3962799977 || BYOND v503
[02:01:52]DEBUG: Next event in 26.248 minutes.
[02:01:55]ACCESS: Logout: FighterX2500/(Alexis Compton)
